This file contains any messages produced by compilers while
running configure, to aid debugging if configure makes a mistake.

It was created by configure, which was
generated by GNU Autoconf 2.69.  Invocation command line was

  $ ./configure 

## --------- ##
## Platform. ##
## --------- ##

hostname = eggus1
uname -m = x86_64
uname -r = 4.18.13-200.fc28.x86_64
uname -s = Linux
uname -v = #1 SMP Wed Oct 10 17:29:59 UTC 2018

/usr/bin/uname -p = x86_64
/bin/uname -X     = unknown

/bin/arch              = x86_64
/usr/bin/arch -k       = unknown
/usr/convex/getsysinfo = unknown
/usr/bin/hostinfo      = unknown
/bin/machine           = unknown
/usr/bin/oslevel       = unknown
/bin/universe          = unknown

PATH: /usr/lib64/qt-3.3/bin
PATH: /usr/share/Modules/bin
PATH: /usr/local/bin
PATH: /usr/local/sbin
PATH: /usr/bin
PATH: /usr/sbin
PATH: /usr/local/ec2-api-tools-1.7.5.1/bin
PATH: /home/terje/bin
PATH: /usr/local/ec2-api-tools-1.7.5.1/bin


## ----------- ##
## Core tests. ##
## ----------- ##

configure:2037: checking build system type
configure:2051: result: x86_64-unknown-linux-gnu
configure:2071: checking host system type
configure:2084: result: x86_64-unknown-linux-gnu
configure:2156: checking for gcc
configure:2172: found /usr/bin/gcc
configure:2183: result: gcc
configure:2412: checking for C compiler version
configure:2421: gcc --version >&5
gcc (GCC) 8.1.1 20180712 (Red Hat 8.1.1-5)
Copyright (C) 2018 Free Software Foundation, Inc.
This is free software; see the source for copying conditions.  There is NO
warranty; not even for MERCHANTABILITY or FITNESS FOR A PARTICULAR PURPOSE.

configure:2432: $? = 0
configure:2421: gcc -v >&5
Using built-in specs.
COLLECT_GCC=gcc
COLLECT_LTO_WRAPPER=/usr/libexec/gcc/x86_64-redhat-linux/8/lto-wrapper
OFFLOAD_TARGET_NAMES=nvptx-none
OFFLOAD_TARGET_DEFAULT=1
Target: x86_64-redhat-linux
Configured with: ../configure --enable-bootstrap --enable-languages=c,c++,fortran,objc,obj-c++,ada,go,lto --prefix=/usr --mandir=/usr/share/man --infodir=/usr/share/info --with-bugurl=http://bugzilla.redhat.com/bugzilla --enable-shared --enable-threads=posix --enable-checking=release --enable-multilib --with-system-zlib --enable-__cxa_atexit --disable-libunwind-exceptions --enable-gnu-unique-object --enable-linker-build-id --with-gcc-major-version-only --with-linker-hash-style=gnu --enable-plugin --enable-initfini-array --with-isl --enable-libmpx --enable-offload-targets=nvptx-none --without-cuda-driver --enable-gnu-indirect-function --enable-cet --with-tune=generic --with-arch_32=i686 --build=x86_64-redhat-linux
Thread model: posix
gcc version 8.1.1 20180712 (Red Hat 8.1.1-5) (GCC) 
configure:2432: $? = 0
configure:2421: gcc -V >&5
gcc: error: unrecognized command line option '-V'
gcc: fatal error: no input files
compilation terminated.
configure:2432: $? = 1
configure:2421: gcc -qversion >&5
gcc: error: unrecognized command line option '-qversion'; did you mean '--version'?
gcc: fatal error: no input files
compilation terminated.
configure:2432: $? = 1
configure:2452: checking whether the C compiler works
configure:2474: gcc    conftest.c  >&5
configure:2478: $? = 0
configure:2526: result: yes
configure:2529: checking for C compiler default output file name
configure:2531: result: a.out
configure:2537: checking for suffix of executables
configure:2544: gcc -o conftest    conftest.c  >&5
configure:2548: $? = 0
configure:2570: result: 
configure:2592: checking whether we are cross compiling
configure:2600: gcc -o conftest    conftest.c  >&5
configure:2604: $? = 0
configure:2611: ./conftest
configure:2615: $? = 0
configure:2630: result: no
configure:2635: checking for suffix of object files
configure:2657: gcc -c   conftest.c >&5
configure:2661: $? = 0
configure:2682: result: o
configure:2686: checking whether we are using the GNU C compiler
configure:2705: gcc -c   conftest.c >&5
configure:2705: $? = 0
configure:2714: result: yes
configure:2723: checking whether gcc accepts -g
configure:2743: gcc -c -g  conftest.c >&5
configure:2743: $? = 0
configure:2784: result: yes
configure:2801: checking for gcc option to accept ISO C89
configure:2864: gcc  -c -g -O2  conftest.c >&5
configure:2864: $? = 0
configure:2877: result: none needed
configure:2911: checking for a BSD-compatible install
configure:2979: result: /usr/bin/install -c
configure:2990: checking whether make sets $(MAKE)
configure:3012: result: yes
configure:3021: checking whether ln -s works
configure:3025: result: yes
configure:3089: checking for gcj
configure:3119: result: no
configure:3089: checking for guavac
configure:3119: result: no
configure:3089: checking for jikes
configure:3119: result: no
configure:3089: checking for javac
configure:3105: found /usr/bin/javac
configure:3116: result: javac
configure:3175: checking target system type
configure:3188: result: x86_64-unknown-linux-gnu
configure:3220: checking how to run the C preprocessor
configure:3251: gcc -E  conftest.c
configure:3251: $? = 0
configure:3265: gcc -E  conftest.c
conftest.c:9:10: fatal error: ac_nonexistent.h: No such file or directory
 #include <ac_nonexistent.h>
          ^~~~~~~~~~~~~~~~~~
compilation terminated.
configure:3265: $? = 1
configure: failed program was:
| /* confdefs.h */
| #define PACKAGE_NAME ""
| #define PACKAGE_TARNAME ""
| #define PACKAGE_VERSION ""
| #define PACKAGE_STRING ""
| #define PACKAGE_BUGREPORT ""
| #define PACKAGE_URL ""
| /* end confdefs.h.  */
| #include <ac_nonexistent.h>
configure:3290: result: gcc -E
configure:3310: gcc -E  conftest.c
configure:3310: $? = 0
configure:3324: gcc -E  conftest.c
conftest.c:9:10: fatal error: ac_nonexistent.h: No such file or directory
 #include <ac_nonexistent.h>
          ^~~~~~~~~~~~~~~~~~
compilation terminated.
configure:3324: $? = 1
configure: failed program was:
| /* confdefs.h */
| #define PACKAGE_NAME ""
| #define PACKAGE_TARNAME ""
| #define PACKAGE_VERSION ""
| #define PACKAGE_STRING ""
| #define PACKAGE_BUGREPORT ""
| #define PACKAGE_URL ""
| /* end confdefs.h.  */
| #include <ac_nonexistent.h>
configure:3357: checking for javah
configure:3375: found /usr/bin/javah
configure:3387: result: /usr/bin/javah
configure:3400: gcc -E  conftest.c
conftest.c:9:10: fatal error: jni.h: No such file or directory
 #include <jni.h>
          ^~~~~~~
compilation terminated.
configure:3400: $? = 1
configure: failed program was:
| /* confdefs.h */
| #define PACKAGE_NAME ""
| #define PACKAGE_TARNAME ""
| #define PACKAGE_VERSION ""
| #define PACKAGE_STRING ""
| #define PACKAGE_BUGREPORT ""
| #define PACKAGE_URL ""
| /* end confdefs.h.  */
| #include <jni.h>
configure:3412: gcc -E  -I/usr/include -I/usr/include/linux conftest.c
conftest.c:9:10: fatal error: jni.h: No such file or directory
 #include <jni.h>
          ^~~~~~~
compilation terminated.
configure:3412: $? = 1
configure: failed program was:
| /* confdefs.h */
| #define PACKAGE_NAME ""
| #define PACKAGE_TARNAME ""
| #define PACKAGE_VERSION ""
| #define PACKAGE_STRING ""
| #define PACKAGE_BUGREPORT ""
| #define PACKAGE_URL ""
| /* end confdefs.h.  */
| #include <jni.h>
configure:3415: WARNING: unable to include <jni.h>
configure:3430: checking for jar
configure:3446: found /usr/bin/jar
configure:3457: result: jar
configure:3516: checking for grep that handles long lines and -e
configure:3574: result: /usr/bin/grep
configure:3579: checking for egrep
configure:3641: result: /usr/bin/grep -E
configure:3646: checking for ANSI C header files
configure:3666: gcc -c -g -O2  conftest.c >&5
configure:3666: $? = 0
configure:3739: gcc -o conftest -g -O2   conftest.c  >&5
configure:3739: $? = 0
configure:3739: ./conftest
configure:3739: $? = 0
configure:3750: result: yes
configure:3763: checking for sys/types.h
configure:3763: gcc -c -g -O2  conftest.c >&5
configure:3763: $? = 0
configure:3763: result: yes
configure:3763: checking for sys/stat.h
configure:3763: gcc -c -g -O2  conftest.c >&5
configure:3763: $? = 0
configure:3763: result: yes
configure:3763: checking for stdlib.h
configure:3763: gcc -c -g -O2  conftest.c >&5
configure:3763: $? = 0
configure:3763: result: yes
configure:3763: checking for string.h
configure:3763: gcc -c -g -O2  conftest.c >&5
configure:3763: $? = 0
configure:3763: result: yes
configure:3763: checking for memory.h
configure:3763: gcc -c -g -O2  conftest.c >&5
configure:3763: $? = 0
configure:3763: result: yes
configure:3763: checking for strings.h
configure:3763: gcc -c -g -O2  conftest.c >&5
configure:3763: $? = 0
configure:3763: result: yes
configure:3763: checking for inttypes.h
configure:3763: gcc -c -g -O2  conftest.c >&5
configure:3763: $? = 0
configure:3763: result: yes
configure:3763: checking for stdint.h
configure:3763: gcc -c -g -O2  conftest.c >&5
configure:3763: $? = 0
configure:3763: result: yes
configure:3763: checking for unistd.h
configure:3763: gcc -c -g -O2  conftest.c >&5
configure:3763: $? = 0
configure:3763: result: yes
configure:3778: checking jni.h usability
configure:3778: gcc -c -g -O2  conftest.c >&5
conftest.c:52:10: fatal error: jni.h: No such file or directory
 #include <jni.h>
          ^~~~~~~
compilation terminated.
configure:3778: $? = 1
configure: failed program was:
| /* confdefs.h */
| #define PACKAGE_NAME ""
| #define PACKAGE_TARNAME ""
| #define PACKAGE_VERSION ""
| #define PACKAGE_STRING ""
| #define PACKAGE_BUGREPORT ""
| #define PACKAGE_URL ""
| #define STDC_HEADERS 1
| #define HAVE_SYS_TYPES_H 1
| #define HAVE_SYS_STAT_H 1
| #define HAVE_STDLIB_H 1
| #define HAVE_STRING_H 1
| #define HAVE_MEMORY_H 1
| #define HAVE_STRINGS_H 1
| #define HAVE_INTTYPES_H 1
| #define HAVE_STDINT_H 1
| #define HAVE_UNISTD_H 1
| /* end confdefs.h.  */
| #include <stdio.h>
| #ifdef HAVE_SYS_TYPES_H
| # include <sys/types.h>
| #endif
| #ifdef HAVE_SYS_STAT_H
| # include <sys/stat.h>
| #endif
| #ifdef STDC_HEADERS
| # include <stdlib.h>
| # include <stddef.h>
| #else
| # ifdef HAVE_STDLIB_H
| #  include <stdlib.h>
| # endif
| #endif
| #ifdef HAVE_STRING_H
| # if !defined STDC_HEADERS && defined HAVE_MEMORY_H
| #  include <memory.h>
| # endif
| # include <string.h>
| #endif
| #ifdef HAVE_STRINGS_H
| # include <strings.h>
| #endif
| #ifdef HAVE_INTTYPES_H
| # include <inttypes.h>
| #endif
| #ifdef HAVE_STDINT_H
| # include <stdint.h>
| #endif
| #ifdef HAVE_UNISTD_H
| # include <unistd.h>
| #endif
| #include <jni.h>
configure:3778: result: no
configure:3778: checking jni.h presence
configure:3778: gcc -E  conftest.c
conftest.c:19:10: fatal error: jni.h: No such file or directory
 #include <jni.h>
          ^~~~~~~
compilation terminated.
configure:3778: $? = 1
configure: failed program was:
| /* confdefs.h */
| #define PACKAGE_NAME ""
| #define PACKAGE_TARNAME ""
| #define PACKAGE_VERSION ""
| #define PACKAGE_STRING ""
| #define PACKAGE_BUGREPORT ""
| #define PACKAGE_URL ""
| #define STDC_HEADERS 1
| #define HAVE_SYS_TYPES_H 1
| #define HAVE_SYS_STAT_H 1
| #define HAVE_STDLIB_H 1
| #define HAVE_STRING_H 1
| #define HAVE_MEMORY_H 1
| #define HAVE_STRINGS_H 1
| #define HAVE_INTTYPES_H 1
| #define HAVE_STDINT_H 1
| #define HAVE_UNISTD_H 1
| /* end confdefs.h.  */
| #include <jni.h>
configure:3778: result: no
configure:3778: checking for jni.h
configure:3778: result: no
configure:3778: checking MidWay.h usability
configure:3778: gcc -c -g -O2  conftest.c >&5
configure:3778: $? = 0
configure:3778: result: yes
configure:3778: checking MidWay.h presence
configure:3778: gcc -E  conftest.c
configure:3778: $? = 0
configure:3778: result: yes
configure:3778: checking for MidWay.h
configure:3778: result: yes
configure:3941: creating ./config.status

## ---------------------- ##
## Running config.status. ##
## ---------------------- ##

This file was extended by config.status, which was
generated by GNU Autoconf 2.69.  Invocation command line was

  CONFIG_FILES    = 
  CONFIG_HEADERS  = 
  CONFIG_LINKS    = 
  CONFIG_COMMANDS = 
  $ ./config.status 

on eggus1

config.status:750: creating Makefile
config.status:750: creating native/Makefile
config.status:750: creating org/midway/Makefile

## ---------------- ##
## Cache variables. ##
## ---------------- ##

ac_cv_build=x86_64-unknown-linux-gnu
ac_cv_c_compiler_gnu=yes
ac_cv_env_CC_set=
ac_cv_env_CC_value=
ac_cv_env_CFLAGS_set=
ac_cv_env_CFLAGS_value=
ac_cv_env_CPPFLAGS_set=
ac_cv_env_CPPFLAGS_value=
ac_cv_env_CPP_set=
ac_cv_env_CPP_value=
ac_cv_env_LDFLAGS_set=
ac_cv_env_LDFLAGS_value=
ac_cv_env_LIBS_set=
ac_cv_env_LIBS_value=
ac_cv_env_build_alias_set=
ac_cv_env_build_alias_value=
ac_cv_env_host_alias_set=
ac_cv_env_host_alias_value=
ac_cv_env_target_alias_set=
ac_cv_env_target_alias_value=
ac_cv_header_MidWay_h=yes
ac_cv_header_inttypes_h=yes
ac_cv_header_jni_h=no
ac_cv_header_memory_h=yes
ac_cv_header_stdc=yes
ac_cv_header_stdint_h=yes
ac_cv_header_stdlib_h=yes
ac_cv_header_string_h=yes
ac_cv_header_strings_h=yes
ac_cv_header_sys_stat_h=yes
ac_cv_header_sys_types_h=yes
ac_cv_header_unistd_h=yes
ac_cv_host=x86_64-unknown-linux-gnu
ac_cv_objext=o
ac_cv_path_EGREP='/usr/bin/grep -E'
ac_cv_path_GREP=/usr/bin/grep
ac_cv_path_JAVAH=/usr/bin/javah
ac_cv_path_install='/usr/bin/install -c'
ac_cv_prog_CPP='gcc -E'
ac_cv_prog_JAR=jar
ac_cv_prog_JAVAC=javac
ac_cv_prog_ac_ct_CC=gcc
ac_cv_prog_cc_c89=
ac_cv_prog_cc_g=yes
ac_cv_prog_make_make_set=yes
ac_cv_target=x86_64-unknown-linux-gnu

## ----------------- ##
## Output variables. ##
## ----------------- ##

CC='gcc'
CFLAGS='-g -O2'
CPP='gcc -E'
CPPFLAGS=''
DEFS='-DPACKAGE_NAME=\"\" -DPACKAGE_TARNAME=\"\" -DPACKAGE_VERSION=\"\" -DPACKAGE_STRING=\"\" -DPACKAGE_BUGREPORT=\"\" -DPACKAGE_URL=\"\" -DSTDC_HEADERS=1 -DHAVE_SYS_TYPES_H=1 -DHAVE_SYS_STAT_H=1 -DHAVE_STDLIB_H=1 -DHAVE_STRING_H=1 -DHAVE_MEMORY_H=1 -DHAVE_STRINGS_H=1 -DHAVE_INTTYPES_H=1 -DHAVE_STDINT_H=1 -DHAVE_UNISTD_H=1 -DHAVE_MIDWAY_H=1'
ECHO_C=''
ECHO_N='-n'
ECHO_T=''
EGREP='/usr/bin/grep -E'
EXEEXT=''
GREP='/usr/bin/grep'
INSTALL_DATA='${INSTALL} -m 644'
INSTALL_PROGRAM='${INSTALL}'
INSTALL_SCRIPT='${INSTALL}'
JAR='jar'
JAVA=''
JAVAC='javac'
JAVACFLAGS=''
JAVAFLAGS=''
JAVAH='/usr/bin/javah'
JAVAPREFIX=''
LDFLAGS=''
LIBOBJS=''
LIBS=''
LN_S='ln -s'
LTLIBOBJS=''
OBJEXT='o'
PACKAGE_BUGREPORT=''
PACKAGE_NAME=''
PACKAGE_STRING=''
PACKAGE_TARNAME=''
PACKAGE_URL=''
PACKAGE_VERSION=''
PATH_SEPARATOR=':'
SET_MAKE=''
SHELL='/bin/sh'
ac_ct_CC='gcc'
bindir='${exec_prefix}/bin'
build='x86_64-unknown-linux-gnu'
build_alias=''
build_cpu='x86_64'
build_os='linux-gnu'
build_vendor='unknown'
datadir='${datarootdir}'
datarootdir='${prefix}/share'
docdir='${datarootdir}/doc/${PACKAGE}'
dvidir='${docdir}'
exec_prefix='${prefix}'
host='x86_64-unknown-linux-gnu'
host_alias=''
host_cpu='x86_64'
host_os='linux-gnu'
host_vendor='unknown'
htmldir='${docdir}'
includedir='${prefix}/include'
infodir='${datarootdir}/info'
libdir='${exec_prefix}/lib'
libexecdir='${exec_prefix}/libexec'
localedir='${datarootdir}/locale'
localstatedir='${prefix}/var'
mandir='${datarootdir}/man'
oldincludedir='/usr/include'
pdfdir='${docdir}'
prefix='/usr/local'
program_transform_name='s,x,x,'
psdir='${docdir}'
sbindir='${exec_prefix}/sbin'
sharedstatedir='${prefix}/com'
sysconfdir='${prefix}/etc'
target='x86_64-unknown-linux-gnu'
target_alias=''
target_cpu='x86_64'
target_os='linux-gnu'
target_vendor='unknown'

## ----------- ##
## confdefs.h. ##
## ----------- ##

/* confdefs.h */
#define PACKAGE_NAME ""
#define PACKAGE_TARNAME ""
#define PACKAGE_VERSION ""
#define PACKAGE_STRING ""
#define PACKAGE_BUGREPORT ""
#define PACKAGE_URL ""
#define STDC_HEADERS 1
#define HAVE_SYS_TYPES_H 1
#define HAVE_SYS_STAT_H 1
#define HAVE_STDLIB_H 1
#define HAVE_STRING_H 1
#define HAVE_MEMORY_H 1
#define HAVE_STRINGS_H 1
#define HAVE_INTTYPES_H 1
#define HAVE_STDINT_H 1
#define HAVE_UNISTD_H 1
#define HAVE_MIDWAY_H 1

configure: exit 0
